<?xml version="1.0" encoding="UTF-8"?>
<testng-results ignored="0" total="1" passed="1" failed="0" skipped="0">
  <reporter-output>
  </reporter-output>
  <suite started-at="2024-08-15T15:25:17 GST" name="Default suite" finished-at="2024-08-15T15:26:15 GST" duration-ms="57527">
    <groups>
      <group name="cucumber">
        <method signature="AbstractTestNGCucumberTests.runScenario(io.cucumber.testng.PickleWrapper,io.cucumber.testng.FeatureWrapper)[pri:0, instance:TestRunners.MyTestRunner@242b836]" name="runScenario" class="io.cucumber.testng.AbstractTestNGCucumberTests"/>
      </group> <!-- cucumber -->
    </groups>
    <test started-at="2024-08-15T15:25:17 GST" name="Default test" finished-at="2024-08-15T15:26:15 GST" duration-ms="57527">
      <class name="TestRunners.MyTestRunner">
        <test-method is-config="true" signature="setUpClass(org.testng.ITestContext)[pri:0, instance:TestRunners.MyTestRunner@242b836]" started-at="2024-08-15T15:25:17 GST" name="setUpClass" finished-at="2024-08-15T15:25:18 GST" duration-ms="453" status="PASS">
          <params>
            <param index="0">
              <value>
                <![CDATA[org.testng.TestRunner@2bc378f7]]>
              </value>
            </param>
          </params>
          <reporter-output>
          </reporter-output>
        </test-method> <!-- setUpClass -->
        <test-method signature="runScenario(io.cucumber.testng.PickleWrapper,io.cucumber.testng.FeatureWrapper)[pri:0, instance:TestRunners.MyTestRunner@242b836]" started-at="2024-08-15T15:25:18 GST" name="runScenario" description="Runs Cucumber Scenarios" data-provider="scenarios" finished-at="2024-08-15T15:26:14 GST" duration-ms="56855" status="PASS">
          <params>
            <param index="0">
              <value>
                <![CDATA["Login Page Test"]]>
              </value>
            </param>
            <param index="1">
              <value>
                <![CDATA["Login Page Test"]]>
              </value>
            </param>
          </params>
          <reporter-output>
          </reporter-output>
        </test-method> <!-- runScenario -->
        <test-method is-config="true" signature="tearDownClass()[pri:0, instance:TestRunners.MyTestRunner@242b836]" started-at="2024-08-15T15:26:14 GST" name="tearDownClass" finished-at="2024-08-15T15:26:15 GST" duration-ms="190" status="PASS">
          <reporter-output>
          </reporter-output>
        </test-method> <!-- tearDownClass -->
      </class> <!-- TestRunners.MyTestRunner -->
    </test> <!-- Default test -->
  </suite> <!-- Default suite -->
</testng-results>
